<?xml version="1.0" encoding="UTF-8"?>
<!-- Generated by org.testng.reporters.JUnitReportReporter -->
<testsuite skipped="0" hostname="Amit-PC" name="TestCases.Module2" tests="1" failures="0" timestamp="21 Dec 2019 09:52:09 GMT" time="0.005" errors="0">
  <testcase name="Module2_testCase4" time="0.005" classname="TestCases.Module2"/>
</testsuite> <!-- TestCases.Module2 -->
