<?xml version="1.0" encoding="UTF-8"?>
<!-- Generated by org.testng.reporters.JUnitReportReporter -->
<testsuite skipped="0" hostname="Amit-PC" name="TestCases.Module1" tests="3" failures="0" timestamp="21 Dec 2019 09:52:09 GMT" time="0.035" errors="0">
  <testcase name="Module1_testCase5" time="0.006" classname="TestCases.Module1"/>
  <testcase name="Module1_testCase7" time="0.003" classname="TestCases.Module1"/>
  <testcase name="Module1_testCase1" time="0.026" classname="TestCases.Module1"/>
</testsuite> <!-- TestCases.Module1 -->
